info: Microsoft.EntityFrameworkCore.Database.Command[20101]
      Executed DbCommand (14ms) [Parameters=[], CommandType='Text', CommandTimeout='30']
      SELECT "MigrationId", "ProductVersion"
      FROM "__EFMigrationsHistory"
      ORDER BY "MigrationId";
info: Microsoft.EntityFrameworkCore.Database.Command[20101]
      Executed DbCommand (5ms) [Parameters=[], CommandType='Text', CommandTimeout='30']
      CREATE TABLE IF NOT EXISTS "__EFMigrationsHistory" (
          "MigrationId" character varying(150) NOT NULL,
          "ProductVersion" character varying(32) NOT NULL,
          CONSTRAINT "PK___EFMigrationsHistory" PRIMARY KEY ("MigrationId")
      );
info: Microsoft.EntityFrameworkCore.Migrations[20411]
      Acquiring an exclusive lock for migration application. See https://aka.ms/efcore-docs-migrations-lock for more information if this takes too long.
info: Microsoft.EntityFrameworkCore.Database.Command[20101]
      Executed DbCommand (1ms) [Parameters=[], CommandType='Text', CommandTimeout='30']
      LOCK TABLE "__EFMigrationsHistory" IN ACCESS EXCLUSIVE MODE
info: Microsoft.EntityFrameworkCore.Database.Command[20101]
      Executed DbCommand (0ms) [Parameters=[], CommandType='Text', CommandTimeout='30']
      SELECT "MigrationId", "ProductVersion"
      FROM "__EFMigrationsHistory"
      ORDER BY "MigrationId";
info: Microsoft.EntityFrameworkCore.Migrations[20405]
      No migrations were applied. The database is already up to date.
info: Microsoft.EntityFrameworkCore.Database.Command[20101]
      Executed DbCommand (12ms) [Parameters=[@__normalizedName_0='?'], CommandType='Text', CommandTimeout='30']
      SELECT a."Id", a."ConcurrencyStamp", a."Name", a."NormalizedName"
      FROM "AspNetRoles" AS a
      WHERE a."NormalizedName" = @__normalizedName_0
      LIMIT 1
info: Microsoft.EntityFrameworkCore.Database.Command[20101]
      Executed DbCommand (1ms) [Parameters=[@__normalizedName_0='?'], CommandType='Text', CommandTimeout='30']
      SELECT a."Id", a."ConcurrencyStamp", a."Name", a."NormalizedName"
      FROM "AspNetRoles" AS a
      WHERE a."NormalizedName" = @__normalizedName_0
      LIMIT 1
info: Microsoft.EntityFrameworkCore.Database.Command[20101]
      Executed DbCommand (1ms) [Parameters=[@__normalizedName_0='?'], CommandType='Text', CommandTimeout='30']
      SELECT a."Id", a."ConcurrencyStamp", a."Name", a."NormalizedName"
      FROM "AspNetRoles" AS a
      WHERE a."NormalizedName" = @__normalizedName_0
      LIMIT 1
info: Microsoft.EntityFrameworkCore.Database.Command[20101]
      Executed DbCommand (0ms) [Parameters=[@__normalizedName_0='?'], CommandType='Text', CommandTimeout='30']
      SELECT a."Id", a."ConcurrencyStamp", a."Name", a."NormalizedName"
      FROM "AspNetRoles" AS a
      WHERE a."NormalizedName" = @__normalizedName_0
      LIMIT 1
info: Microsoft.EntityFrameworkCore.Database.Command[20101]
      Executed DbCommand (0ms) [Parameters=[@__normalizedName_0='?'], CommandType='Text', CommandTimeout='30']
      SELECT a."Id", a."ConcurrencyStamp", a."Name", a."NormalizedName"
      FROM "AspNetRoles" AS a
      WHERE a."NormalizedName" = @__normalizedName_0
      LIMIT 1
info: Microsoft.EntityFrameworkCore.Database.Command[20101]
      Executed DbCommand (0ms) [Parameters=[@__normalizedName_0='?'], CommandType='Text', CommandTimeout='30']
      SELECT a."Id", a."ConcurrencyStamp", a."Name", a."NormalizedName"
      FROM "AspNetRoles" AS a
      WHERE a."NormalizedName" = @__normalizedName_0
      LIMIT 1
info: Microsoft.EntityFrameworkCore.Database.Command[20101]
      Executed DbCommand (3ms) [Parameters=[@__normalizedEmail_0='?'], CommandType='Text', CommandTimeout='30']
      SELECT a."Id", a."AccessFailedCount", a."ConcurrencyStamp", a."Email", a."EmailConfirmed", a."IsActive", a."LockoutEnabled", a."LockoutEnd", a."NormalizedEmail", a."NormalizedUserName", a."PasswordHash", a."PhoneNumber", a."PhoneNumberConfirmed", a."SecurityStamp", a."TwoFactorEnabled", a."UserName"
      FROM "AspNetUsers" AS a
      WHERE a."NormalizedEmail" = @__normalizedEmail_0
      LIMIT 2
[SEED] Admin email=admin@bvg.local, reset=True, exists=True
info: Microsoft.EntityFrameworkCore.Database.Command[20101]
      Executed DbCommand (1ms) [Parameters=[@__normalizedUserName_0='?'], CommandType='Text', CommandTimeout='30']
      SELECT a."Id", a."AccessFailedCount", a."ConcurrencyStamp", a."Email", a."EmailConfirmed", a."IsActive", a."LockoutEnabled", a."LockoutEnd", a."NormalizedEmail", a."NormalizedUserName", a."PasswordHash", a."PhoneNumber", a."PhoneNumberConfirmed", a."SecurityStamp", a."TwoFactorEnabled", a."UserName"
      FROM "AspNetUsers" AS a
      WHERE a."NormalizedUserName" = @__normalizedUserName_0
      LIMIT 1
info: Microsoft.EntityFrameworkCore.Database.Command[20101]
      Executed DbCommand (1ms) [Parameters=[@__normalizedEmail_0='?'], CommandType='Text', CommandTimeout='30']
      SELECT a."Id", a."AccessFailedCount", a."ConcurrencyStamp", a."Email", a."EmailConfirmed", a."IsActive", a."LockoutEnabled", a."LockoutEnd", a."NormalizedEmail", a."NormalizedUserName", a."PasswordHash", a."PhoneNumber", a."PhoneNumberConfirmed", a."SecurityStamp", a."TwoFactorEnabled", a."UserName"
      FROM "AspNetUsers" AS a
      WHERE a."NormalizedEmail" = @__normalizedEmail_0
      LIMIT 2
info: Microsoft.EntityFrameworkCore.Database.Command[20101]
      Executed DbCommand (15ms) [Parameters=[@p15='?', @p0='?' (DbType = Int32), @p1='?', @p16='?', @p2='?', @p3='?' (DbType = Boolean), @p4='?' (DbType = Boolean), @p5='?' (DbType = Boolean), @p6='?' (DbType = DateTimeOffset), @p7='?', @p8='?', @p9='?', @p10='?', @p11='?' (DbType = Boolean), @p12='?', @p13='?' (DbType = Boolean), @p14='?'], CommandType='Text', CommandTimeout='30']
      UPDATE "AspNetUsers" SET "AccessFailedCount" = @p0, "ConcurrencyStamp" = @p1, "Email" = @p2, "EmailConfirmed" = @p3, "IsActive" = @p4, "LockoutEnabled" = @p5, "LockoutEnd" = @p6, "NormalizedEmail" = @p7, "NormalizedUserName" = @p8, "PasswordHash" = @p9, "PhoneNumber" = @p10, "PhoneNumberConfirmed" = @p11, "SecurityStamp" = @p12, "TwoFactorEnabled" = @p13, "UserName" = @p14
      WHERE "Id" = @p15 AND "ConcurrencyStamp" = @p16;
[SEED] RemovePassword: success=True
info: Microsoft.EntityFrameworkCore.Database.Command[20101]
      Executed DbCommand (1ms) [Parameters=[@__normalizedUserName_0='?'], CommandType='Text', CommandTimeout='30']
      SELECT a."Id", a."AccessFailedCount", a."ConcurrencyStamp", a."Email", a."EmailConfirmed", a."IsActive", a."LockoutEnabled", a."LockoutEnd", a."NormalizedEmail", a."NormalizedUserName", a."PasswordHash", a."PhoneNumber", a."PhoneNumberConfirmed", a."SecurityStamp", a."TwoFactorEnabled", a."UserName"
      FROM "AspNetUsers" AS a
      WHERE a."NormalizedUserName" = @__normalizedUserName_0
      LIMIT 1
info: Microsoft.EntityFrameworkCore.Database.Command[20101]
      Executed DbCommand (0ms) [Parameters=[@__normalizedEmail_0='?'], CommandType='Text', CommandTimeout='30']
      SELECT a."Id", a."AccessFailedCount", a."ConcurrencyStamp", a."Email", a."EmailConfirmed", a."IsActive", a."LockoutEnabled", a."LockoutEnd", a."NormalizedEmail", a."NormalizedUserName", a."PasswordHash", a."PhoneNumber", a."PhoneNumberConfirmed", a."SecurityStamp", a."TwoFactorEnabled", a."UserName"
      FROM "AspNetUsers" AS a
      WHERE a."NormalizedEmail" = @__normalizedEmail_0
      LIMIT 2
info: Microsoft.EntityFrameworkCore.Database.Command[20101]
      Executed DbCommand (1ms) [Parameters=[@p15='?', @p0='?' (DbType = Int32), @p1='?', @p16='?', @p2='?', @p3='?' (DbType = Boolean), @p4='?' (DbType = Boolean), @p5='?' (DbType = Boolean), @p6='?' (DbType = DateTimeOffset), @p7='?', @p8='?', @p9='?', @p10='?', @p11='?' (DbType = Boolean), @p12='?', @p13='?' (DbType = Boolean), @p14='?'], CommandType='Text', CommandTimeout='30']
      UPDATE "AspNetUsers" SET "AccessFailedCount" = @p0, "ConcurrencyStamp" = @p1, "Email" = @p2, "EmailConfirmed" = @p3, "IsActive" = @p4, "LockoutEnabled" = @p5, "LockoutEnd" = @p6, "NormalizedEmail" = @p7, "NormalizedUserName" = @p8, "PasswordHash" = @p9, "PhoneNumber" = @p10, "PhoneNumberConfirmed" = @p11, "SecurityStamp" = @p12, "TwoFactorEnabled" = @p13, "UserName" = @p14
      WHERE "Id" = @p15 AND "ConcurrencyStamp" = @p16;
[SEED] AddPassword: success=True
info: Microsoft.AspNetCore.DataProtection.KeyManagement.XmlKeyManager[63]
      User profile is available. Using 'C:\Users\afigueroa\AppData\Local\ASP.NET\DataProtection-Keys' as key repository and Windows DPAPI to encrypt keys at rest.
info: Microsoft.Hosting.Lifetime[14]
      Now listening on: http://localhost:5299
info: Microsoft.Hosting.Lifetime[0]
      Application started. Press Ctrl+C to shut down.
info: Microsoft.Hosting.Lifetime[0]
      Hosting environment: Development 
info: Microsoft.Hosting.Lifetime[0]
      Content root path: C:\PROYECTOS\VOTNET\BvgAuthApi
info: Microsoft.AspNetCore.Hosting.Diagnostics[1]
      Request starting HTTP/1.1 POST http://localhost:5299/api/auth/login - application/json 73
info: Microsoft.AspNetCore.Routing.EndpointMiddleware[0]
      Executing endpoint 'HTTP: POST /api/auth/login'
info: Microsoft.EntityFrameworkCore.Database.Command[20101]
      Executed DbCommand (1ms) [Parameters=[@__normalizedUserName_0='?'], CommandType='Text', CommandTimeout='30']
      SELECT a."Id", a."AccessFailedCount", a."ConcurrencyStamp", a."Email", a."EmailConfirmed", a."IsActive", a."LockoutEnabled", a."LockoutEnd", a."NormalizedEmail", a."NormalizedUserName", a."PasswordHash", a."PhoneNumber", a."PhoneNumberConfirmed", a."SecurityStamp", a."TwoFactorEnabled", a."UserName"
      FROM "AspNetUsers" AS a
      WHERE a."NormalizedUserName" = @__normalizedUserName_0
      LIMIT 1
info: Microsoft.EntityFrameworkCore.Database.Command[20101]
      Executed DbCommand (3ms) [Parameters=[@__userId_0='?'], CommandType='Text', CommandTimeout='30']
      SELECT a0."Name"
      FROM "AspNetUserRoles" AS a
      INNER JOIN "AspNetRoles" AS a0 ON a."RoleId" = a0."Id"
      WHERE a."UserId" = @__userId_0
info: Microsoft.AspNetCore.Http.Result.OkObjectResult[1]
      Setting HTTP status code 200.
info: Microsoft.AspNetCore.Http.Result.OkObjectResult[3]
      Writing value of type '<>f__AnonymousType1`1' as Json.
info: Microsoft.AspNetCore.Routing.EndpointMiddleware[1]
      Executed endpoint 'HTTP: POST /api/auth/login'
info: Microsoft.AspNetCore.Hosting.Diagnostics[2]
      Request finished HTTP/1.1 POST http://localhost:5299/api/auth/login - 200 - application/json;+charset=utf-8 309.2347ms
info: Microsoft.AspNetCore.Hosting.Diagnostics[1]
      Request starting HTTP/1.1 POST http://localhost:5299/api/auth/login - application/json 73
info: Microsoft.AspNetCore.Routing.EndpointMiddleware[0]
      Executing endpoint 'HTTP: POST /api/auth/login'
info: Microsoft.EntityFrameworkCore.Database.Command[20101]
      Executed DbCommand (1ms) [Parameters=[@__normalizedUserName_0='?'], CommandType='Text', CommandTimeout='30']
      SELECT a."Id", a."AccessFailedCount", a."ConcurrencyStamp", a."Email", a."EmailConfirmed", a."IsActive", a."LockoutEnabled", a."LockoutEnd", a."NormalizedEmail", a."NormalizedUserName", a."PasswordHash", a."PhoneNumber", a."PhoneNumberConfirmed", a."SecurityStamp", a."TwoFactorEnabled", a."UserName"
      FROM "AspNetUsers" AS a
      WHERE a."NormalizedUserName" = @__normalizedUserName_0
      LIMIT 1
info: Microsoft.EntityFrameworkCore.Database.Command[20101]
      Executed DbCommand (1ms) [Parameters=[@__userId_0='?'], CommandType='Text', CommandTimeout='30']
      SELECT a0."Name"
      FROM "AspNetUserRoles" AS a
      INNER JOIN "AspNetRoles" AS a0 ON a."RoleId" = a0."Id"
      WHERE a."UserId" = @__userId_0
info: Microsoft.AspNetCore.Http.Result.OkObjectResult[1]
      Setting HTTP status code 200.
info: Microsoft.AspNetCore.Http.Result.OkObjectResult[3]
      Writing value of type '<>f__AnonymousType1`1' as Json.
info: Microsoft.AspNetCore.Routing.EndpointMiddleware[1]
      Executed endpoint 'HTTP: POST /api/auth/login'
info: Microsoft.AspNetCore.Hosting.Diagnostics[2]
      Request finished HTTP/1.1 POST http://localhost:5299/api/auth/login - 200 - application/json;+charset=utf-8 74.3821ms
info: Microsoft.AspNetCore.Hosting.Diagnostics[1]
      Request starting HTTP/1.1 POST http://localhost:5299/api/auth/login - application/json 53
info: Microsoft.AspNetCore.Cors.Infrastructure.CorsService[4]
      CORS policy execution successful.
info: Microsoft.AspNetCore.Routing.EndpointMiddleware[0]
      Executing endpoint 'HTTP: POST /api/auth/login'
info: Microsoft.EntityFrameworkCore.Database.Command[20101]
      Executed DbCommand (1ms) [Parameters=[@__normalizedUserName_0='?'], CommandType='Text', CommandTimeout='30']
      SELECT a."Id", a."AccessFailedCount", a."ConcurrencyStamp", a."Email", a."EmailConfirmed", a."IsActive", a."LockoutEnabled", a."LockoutEnd", a."NormalizedEmail", a."NormalizedUserName", a."PasswordHash", a."PhoneNumber", a."PhoneNumberConfirmed", a."SecurityStamp", a."TwoFactorEnabled", a."UserName"
      FROM "AspNetUsers" AS a
      WHERE a."NormalizedUserName" = @__normalizedUserName_0
      LIMIT 1
info: Microsoft.AspNetCore.Http.Result.UnauthorizedResult[1]
      Setting HTTP status code 401.
info: Microsoft.AspNetCore.Routing.EndpointMiddleware[1]
      Executed endpoint 'HTTP: POST /api/auth/login'
info: Microsoft.AspNetCore.Hosting.Diagnostics[2]
      Request finished HTTP/1.1 POST http://localhost:5299/api/auth/login - 401 0 - 64.3824ms
info: Microsoft.AspNetCore.Hosting.Diagnostics[1]
      Request starting HTTP/1.1 POST http://localhost:5299/api/auth/login - application/json 53
info: Microsoft.AspNetCore.Cors.Infrastructure.CorsService[4]
      CORS policy execution successful.
info: Microsoft.AspNetCore.Routing.EndpointMiddleware[0]
      Executing endpoint 'HTTP: POST /api/auth/login'
info: Microsoft.EntityFrameworkCore.Database.Command[20101]
      Executed DbCommand (1ms) [Parameters=[@__normalizedUserName_0='?'], CommandType='Text', CommandTimeout='30']
      SELECT a."Id", a."AccessFailedCount", a."ConcurrencyStamp", a."Email", a."EmailConfirmed", a."IsActive", a."LockoutEnabled", a."LockoutEnd", a."NormalizedEmail", a."NormalizedUserName", a."PasswordHash", a."PhoneNumber", a."PhoneNumberConfirmed", a."SecurityStamp", a."TwoFactorEnabled", a."UserName"
      FROM "AspNetUsers" AS a
      WHERE a."NormalizedUserName" = @__normalizedUserName_0
      LIMIT 1
info: Microsoft.AspNetCore.Http.Result.UnauthorizedResult[1]
      Setting HTTP status code 401.
info: Microsoft.AspNetCore.Routing.EndpointMiddleware[1]
      Executed endpoint 'HTTP: POST /api/auth/login'
info: Microsoft.AspNetCore.Hosting.Diagnostics[2]
      Request finished HTTP/1.1 POST http://localhost:5299/api/auth/login - 401 0 - 90.1517ms
info: Microsoft.AspNetCore.Hosting.Diagnostics[1]
      Request starting HTTP/1.1 POST http://localhost:5299/api/auth/login - application/json 53
info: Microsoft.AspNetCore.Cors.Infrastructure.CorsService[4]
      CORS policy execution successful.
info: Microsoft.AspNetCore.Routing.EndpointMiddleware[0]
      Executing endpoint 'HTTP: POST /api/auth/login'
info: Microsoft.EntityFrameworkCore.Database.Command[20101]
      Executed DbCommand (1ms) [Parameters=[@__normalizedUserName_0='?'], CommandType='Text', CommandTimeout='30']
      SELECT a."Id", a."AccessFailedCount", a."ConcurrencyStamp", a."Email", a."EmailConfirmed", a."IsActive", a."LockoutEnabled", a."LockoutEnd", a."NormalizedEmail", a."NormalizedUserName", a."PasswordHash", a."PhoneNumber", a."PhoneNumberConfirmed", a."SecurityStamp", a."TwoFactorEnabled", a."UserName"
      FROM "AspNetUsers" AS a
      WHERE a."NormalizedUserName" = @__normalizedUserName_0
      LIMIT 1
info: Microsoft.AspNetCore.Http.Result.UnauthorizedResult[1]
      Setting HTTP status code 401.
info: Microsoft.AspNetCore.Routing.EndpointMiddleware[1]
      Executed endpoint 'HTTP: POST /api/auth/login'
info: Microsoft.AspNetCore.Hosting.Diagnostics[2]
      Request finished HTTP/1.1 POST http://localhost:5299/api/auth/login - 401 0 - 94.5399ms
info: Microsoft.AspNetCore.Hosting.Diagnostics[1]
      Request starting HTTP/1.1 POST http://localhost:5299/api/auth/login - application/json 53
info: Microsoft.AspNetCore.Cors.Infrastructure.CorsService[4]
      CORS policy execution successful.
info: Microsoft.AspNetCore.Routing.EndpointMiddleware[0]
      Executing endpoint 'HTTP: POST /api/auth/login'
info: Microsoft.EntityFrameworkCore.Database.Command[20101]
      Executed DbCommand (1ms) [Parameters=[@__normalizedUserName_0='?'], CommandType='Text', CommandTimeout='30']
      SELECT a."Id", a."AccessFailedCount", a."ConcurrencyStamp", a."Email", a."EmailConfirmed", a."IsActive", a."LockoutEnabled", a."LockoutEnd", a."NormalizedEmail", a."NormalizedUserName", a."PasswordHash", a."PhoneNumber", a."PhoneNumberConfirmed", a."SecurityStamp", a."TwoFactorEnabled", a."UserName"
      FROM "AspNetUsers" AS a
      WHERE a."NormalizedUserName" = @__normalizedUserName_0
      LIMIT 1
info: Microsoft.AspNetCore.Http.Result.UnauthorizedResult[1]
      Setting HTTP status code 401.
info: Microsoft.AspNetCore.Routing.EndpointMiddleware[1]
      Executed endpoint 'HTTP: POST /api/auth/login'
info: Microsoft.AspNetCore.Hosting.Diagnostics[2]
      Request finished HTTP/1.1 POST http://localhost:5299/api/auth/login - 401 0 - 73.0922ms
info: Microsoft.AspNetCore.Hosting.Diagnostics[1]
      Request starting HTTP/1.1 POST http://localhost:5299/api/auth/login - application/json 53
info: Microsoft.AspNetCore.Cors.Infrastructure.CorsService[4]
      CORS policy execution successful.
info: Microsoft.AspNetCore.Routing.EndpointMiddleware[0]
      Executing endpoint 'HTTP: POST /api/auth/login'
info: Microsoft.EntityFrameworkCore.Database.Command[20101]
      Executed DbCommand (1ms) [Parameters=[@__normalizedUserName_0='?'], CommandType='Text', CommandTimeout='30']
      SELECT a."Id", a."AccessFailedCount", a."ConcurrencyStamp", a."Email", a."EmailConfirmed", a."IsActive", a."LockoutEnabled", a."LockoutEnd", a."NormalizedEmail", a."NormalizedUserName", a."PasswordHash", a."PhoneNumber", a."PhoneNumberConfirmed", a."SecurityStamp", a."TwoFactorEnabled", a."UserName"
      FROM "AspNetUsers" AS a
      WHERE a."NormalizedUserName" = @__normalizedUserName_0
      LIMIT 1
info: Microsoft.AspNetCore.Http.Result.UnauthorizedResult[1]
      Setting HTTP status code 401.
info: Microsoft.AspNetCore.Routing.EndpointMiddleware[1]
      Executed endpoint 'HTTP: POST /api/auth/login'
info: Microsoft.AspNetCore.Hosting.Diagnostics[2]
      Request finished HTTP/1.1 POST http://localhost:5299/api/auth/login - 401 0 - 70.3329ms
info: Microsoft.AspNetCore.Hosting.Diagnostics[1]
      Request starting HTTP/1.1 POST http://localhost:5299/api/auth/login - application/json 53
info: Microsoft.AspNetCore.Cors.Infrastructure.CorsService[4]
      CORS policy execution successful.
info: Microsoft.AspNetCore.Routing.EndpointMiddleware[0]
      Executing endpoint 'HTTP: POST /api/auth/login'
info: Microsoft.EntityFrameworkCore.Database.Command[20101]
      Executed DbCommand (1ms) [Parameters=[@__normalizedUserName_0='?'], CommandType='Text', CommandTimeout='30']
      SELECT a."Id", a."AccessFailedCount", a."ConcurrencyStamp", a."Email", a."EmailConfirmed", a."IsActive", a."LockoutEnabled", a."LockoutEnd", a."NormalizedEmail", a."NormalizedUserName", a."PasswordHash", a."PhoneNumber", a."PhoneNumberConfirmed", a."SecurityStamp", a."TwoFactorEnabled", a."UserName"
      FROM "AspNetUsers" AS a
      WHERE a."NormalizedUserName" = @__normalizedUserName_0
      LIMIT 1
info: Microsoft.AspNetCore.Http.Result.UnauthorizedResult[1]
      Setting HTTP status code 401.
info: Microsoft.AspNetCore.Routing.EndpointMiddleware[1]
      Executed endpoint 'HTTP: POST /api/auth/login'
info: Microsoft.AspNetCore.Hosting.Diagnostics[2]
      Request finished HTTP/1.1 POST http://localhost:5299/api/auth/login - 401 0 - 65.1060ms
